<?xml version="1.0" encoding="UTF-8"?>
<!-- Generated by org.testng.reporters.JUnitReportReporter -->
<testsuite hostname="dell" name="info.catarc.webdriver.testcases.login.LoginPage_002_LoginFailFunction_Test" tests="1" failures="0" timestamp="11 Jun 2016 12:03:41 GMT" time="2.498" errors="0">
  <testcase name="loginSuccessFunction" time="2.498" classname="info.catarc.webdriver.testcases.login.LoginPage_002_LoginFailFunction_Test"/>
</testsuite> <!-- info.catarc.webdriver.testcases.login.LoginPage_002_LoginFailFunction_Test -->
