<?xml version="1.0" encoding="UTF-8"?>
<!-- Generated by org.testng.reporters.JUnitReportReporter -->
<testsuite hostname="东瓜皮" name="info.catarc.webdriver.testcases.login.LoginPage_001_LoginSuccessFunction_Test" tests="1" failures="0" timestamp="20 Jun 2016 07:39:56 GMT" time="3.857" errors="0">
  <testcase name="loginSuccessFunction" time="3.857" classname="info.catarc.webdriver.testcases.login.LoginPage_001_LoginSuccessFunction_Test"/>
</testsuite> <!-- info.catarc.webdriver.testcases.login.LoginPage_001_LoginSuccessFunction_Test -->
