<?xml version="1.0" encoding="UTF-8"?>
<!-- Generated by org.testng.reporters.JUnitReportReporter -->
<testsuite hostname="东瓜皮" name="info.catarc.webdriver.testcases.login.LoginPage_004_LoginXXXFunction" tests="1" failures="0" timestamp="27 Jun 2016 06:55:07 GMT" time="9.363" errors="0">
  <testcase name="loginSuccessFunction" time="9.363" classname="info.catarc.webdriver.testcases.login.LoginPage_004_LoginXXXFunction"/>
</testsuite> <!-- info.catarc.webdriver.testcases.login.LoginPage_004_LoginXXXFunction -->
