<?xml version="1.0" encoding="UTF-8"?>
<!-- Generated by org.testng.reporters.JUnitReportReporter -->
<testsuite hostname="东瓜皮" name="info.catarc.webdriver.testcases.login.LoginPage_002_LoginFailFunction_Test" tests="1" failures="0" timestamp="20 Jun 2016 08:02:45 GMT" time="0.256" errors="0">
  <testcase name="loginSuccessFunction" time="0.256" classname="info.catarc.webdriver.testcases.login.LoginPage_002_LoginFailFunction_Test"/>
</testsuite> <!-- info.catarc.webdriver.testcases.login.LoginPage_002_LoginFailFunction_Test -->
