<?xml version="1.0" encoding="UTF-8"?>
<!-- Generated by org.testng.reporters.JUnitReportReporter -->
<testsuite hostname="dell" name="info.catarc.webdriver.testcases.login.LoginPage_001_LoginSuccessFunction_Test" tests="1" failures="0" timestamp="11 Jun 2016 11:20:58 GMT" time="2.472" errors="0">
  <testcase name="loginSuccessFunction" time="2.472" classname="info.catarc.webdriver.testcases.login.LoginPage_001_LoginSuccessFunction_Test"/>
</testsuite> <!-- info.catarc.webdriver.testcases.login.LoginPage_001_LoginSuccessFunction_Test -->
