<?xml version="1.0" encoding="UTF-8"?>
<!-- Generated by org.testng.reporters.JUnitReportReporter -->
<testsuite hostname="东瓜皮" name="info.catarc.webdriver.testcases.login.LoginPage_004_LoginXXXFunction" tests="1" failures="0" timestamp="27 Jun 2016 08:11:28 GMT" time="5.849" errors="0">
  <testcase name="loginSuccessFunction" time="5.849" classname="info.catarc.webdriver.testcases.login.LoginPage_004_LoginXXXFunction"/>
</testsuite> <!-- info.catarc.webdriver.testcases.login.LoginPage_004_LoginXXXFunction -->
